
> oasis-bi-pro-duitku@2.1.0 build
> next build

Attention: Next.js now collects completely anonymous telemetry regarding usage.
This information is used to shape Next.js' roadmap and prioritize features.
You can learn more, including how to opt-out if you'd not like to participate in this anonymous program, by visiting the following URL:
https://nextjs.org/telemetry

   ▲ Next.js 15.5.7

   Creating an optimized production build ...
<w> [webpack.cache.PackFileCacheStrategy] Serializing big strings (128kiB) impacts deserialization performance (consider using Buffer instead and decode when needed)
 ⚠ Compiled with warnings in 3.3s

./node_modules/@supabase/realtime-js/dist/module/lib/websocket-factory.js
A Node.js API is used (process.versions at line: 39) which is not supported in the Edge Runtime.
Learn more: https://nextjs.org/docs/api-reference/edge-runtime

Import trace for requested module:
./node_modules/@supabase/realtime-js/dist/module/lib/websocket-factory.js
./node_modules/@supabase/realtime-js/dist/module/index.js
./node_modules/@supabase/supabase-js/dist/module/index.js
./node_modules/@supabase/ssr/dist/module/createBrowserClient.js
./node_modules/@supabase/ssr/dist/module/index.js

./node_modules/@supabase/supabase-js/dist/module/index.js
A Node.js API is used (process.version at line: 32) which is not supported in the Edge Runtime.
Learn more: https://nextjs.org/docs/api-reference/edge-runtime

Import trace for requested module:
./node_modules/@supabase/supabase-js/dist/module/index.js
./node_modules/@supabase/ssr/dist/module/createBrowserClient.js
./node_modules/@supabase/ssr/dist/module/index.js



Retrying 1/3...
 ✓ Compiled successfully in 28.5s
   Skipping validation of types
   Linting ...
   Collecting page data ...
⚠️  NEXT_PUBLIC_SUPABASE_URL not set, using hardcoded fallback
⚠️  NEXT_PUBLIC_SUPABASE_ANON_KEY not set, using hardcoded fallback
⚠️  SUPABASE_SERVICE_ROLE_KEY not set, using hardcoded fallback
✅ Supabase clients initialized
   URL: https://qjzdzkdwtsszqjvxeiqv.supabase.co
   Anon Key: ✅ Set
   Service Key: ✅ Set
Error: supabaseUrl is required.
    at <unknown> (.next/server/chunks/8849.js:34:43718)
    at new cb (.next/server/chunks/8849.js:34:43969)
    at cc (.next/server/chunks/8849.js:34:48054)
    at 59821 (.next/server/app/api/duitku/create-payment/route.js:1:1159)
    at c (.next/server/webpack-runtime.js:1:127)
    at <unknown> (.next/server/app/api/duitku/create-payment/route.js:1:9260)
    at c.X (.next/server/webpack-runtime.js:1:1191)
    at <unknown> (.next/server/app/api/duitku/create-payment/route.js:1:9235)
    at Object.<anonymous> (.next/server/app/api/duitku/create-payment/route.js:1:9292)

> Build error occurred
[Error: Failed to collect page data for /api/duitku/create-payment] {
  type: 'Error'
}
