2025-12-04 10:32:42: 
2025-12-04 10:32:42: > oasis-bi-pro-duitku@2.1.0 dev
2025-12-04 10:32:42: > next dev
2025-12-04 10:32:42: 
2025-12-04 10:32:44:    â–² Next.js 15.5.6
2025-12-04 10:32:44:    - Local:        http://localhost:3000
2025-12-04 10:32:44:    - Network:      http://169.254.0.21:3000
2025-12-04 10:32:44:    - Environments: .env.local
2025-12-04 10:32:44: 
2025-12-04 10:32:44:  âœ“ Starting...
2025-12-04 10:32:46:  âœ“ Ready in 2.7s
2025-12-04 10:32:47:  â—‹ Compiling /middleware ...
2025-12-04 10:32:48:  âœ“ Compiled /middleware in 1711ms (199 modules)
2025-12-04 10:32:49:  â—‹ Compiling / ...
2025-12-04 10:32:58:  âœ“ Compiled / in 9.9s (821 modules)
2025-12-04 10:33:38:  âœ“ Compiled in 39.7s (345 modules)
2025-12-04 10:33:44:  HEAD / 200 in 224ms
2025-12-04 10:33:50:  GET / 200 in 274ms
2025-12-04 10:33:52:  â—‹ Compiling /api/duitku/checkout ...
2025-12-04 10:33:53:  âœ“ Compiled /api/duitku/checkout in 2.2s (906 modules)
2025-12-04 10:33:54: â”â”â”â”â”â”â”â”â”â”â”â”â”â”â”â”â”â”â”â”â”â”â”â”â”â”â”â”â”â”â”â”â”â”â”â”â”â”â”â”
2025-12-04 10:33:54: ðŸ›’ CHECKOUT REQUEST RECEIVED
2025-12-04 10:33:54: â”â”â”â”â”â”â”â”â”â”â”â”â”â”â”â”â”â”â”â”â”â”â”â”â”â”â”â”â”â”â”â”â”â”â”â”â”â”â”â”
2025-12-04 10:33:54: ðŸ“¦ Request data: {
2025-12-04 10:33:54:   planId: 'starter',
2025-12-04 10:33:54:   email: 'test@example.com',
2025-12-04 10:33:54:   phoneNumber: '08123456789',
2025-12-04 10:33:54:   customerName: 'Test User',
2025-12-04 10:33:54:   userId: undefined
2025-12-04 10:33:54: }
2025-12-04 10:33:54: âœ… Plan validated: Starter Plan - 99000 IDR
2025-12-04 10:33:54: ðŸ”‘ Generated Order ID: OASIS-STARTER-1764844434449-N8BONX
2025-12-04 10:33:54: ðŸ“¤ Calling Duitku API...
2025-12-04 10:33:55: âœ… Payment URL generated: https://sandbox.duitku.com/payment/inquiryV2.aspx?ref=DS2633525QRPBWKLSS1OZLA1
2025-12-04 10:33:55: âœ… Duitku Reference: DS2633525QRPBWKLSS1OZLA1
2025-12-04 10:33:55: â”â”â”â”â”â”â”â”â”â”â”â”â”â”â”â”â”â”â”â”â”â”â”â”â”â”â”â”â”â”â”â”â”â”â”â”â”â”â”â”
2025-12-04 10:33:55: âœ… CHECKOUT COMPLETED SUCCESSFULLY
2025-12-04 10:33:55: â”â”â”â”â”â”â”â”â”â”â”â”â”â”â”â”â”â”â”â”â”â”â”â”â”â”â”â”â”â”â”â”â”â”â”â”â”â”â”â”
2025-12-04 10:33:55:  POST /api/duitku/checkout 200 in 4022ms
2025-12-04 10:34:02: â”â”â”â”â”â”â”â”â”â”â”â”â”â”â”â”â”â”â”â”â”â”â”â”â”â”â”â”â”â”â”â”â”â”â”â”â”â”â”â”
2025-12-04 10:34:02: ðŸ›’ CHECKOUT REQUEST RECEIVED
2025-12-04 10:34:02: â”â”â”â”â”â”â”â”â”â”â”â”â”â”â”â”â”â”â”â”â”â”â”â”â”â”â”â”â”â”â”â”â”â”â”â”â”â”â”â”
2025-12-04 10:34:02: ðŸ“¦ Request data: {
2025-12-04 10:34:02:   planId: 'starter',
2025-12-04 10:34:02:   email: 'test@example.com',
2025-12-04 10:34:02:   phoneNumber: '08123456789',
2025-12-04 10:34:02:   customerName: 'Test User',
2025-12-04 10:34:02:   userId: undefined
2025-12-04 10:34:02: }
2025-12-04 10:34:02: âœ… Plan validated: Starter Plan - 99000 IDR
2025-12-04 10:34:02: ðŸ”‘ Generated Order ID: OASIS-STARTER-1764844442284-4657L9
2025-12-04 10:34:02: ðŸ“¤ Calling Duitku API...
2025-12-04 10:34:03: âœ… Payment URL generated: https://sandbox.duitku.com/payment/inquiryV2.aspx?ref=DS26335251C3NNWHXHAG0YWO
2025-12-04 10:34:03: âœ… Duitku Reference: DS26335251C3NNWHXHAG0YWO
2025-12-04 10:34:03: â”â”â”â”â”â”â”â”â”â”â”â”â”â”â”â”â”â”â”â”â”â”â”â”â”â”â”â”â”â”â”â”â”â”â”â”â”â”â”â”
2025-12-04 10:34:03: âœ… CHECKOUT COMPLETED SUCCESSFULLY
2025-12-04 10:34:03: â”â”â”â”â”â”â”â”â”â”â”â”â”â”â”â”â”â”â”â”â”â”â”â”â”â”â”â”â”â”â”â”â”â”â”â”â”â”â”â”
2025-12-04 10:34:03:  POST /api/duitku/checkout 200 in 1308ms
2025-12-04 10:34:25:  âœ“ Compiled in 623ms (346 modules)
2025-12-04 10:34:32: â”â”â”â”â”â”â”â”â”â”â”â”â”â”â”â”â”â”â”â”â”â”â”â”â”â”â”â”â”â”â”â”â”â”â”â”â”â”â”â”
2025-12-04 10:34:32: ðŸ›’ CHECKOUT REQUEST RECEIVED
2025-12-04 10:34:32: â”â”â”â”â”â”â”â”â”â”â”â”â”â”â”â”â”â”â”â”â”â”â”â”â”â”â”â”â”â”â”â”â”â”â”â”â”â”â”â”
2025-12-04 10:34:32: ðŸ“¦ Request data: {
2025-12-04 10:34:32:   planId: 'starter',
2025-12-04 10:34:32:   email: 'test@example.com',
2025-12-04 10:34:32:   phoneNumber: '08123456789',
2025-12-04 10:34:32:   customerName: 'Test User',
2025-12-04 10:34:32:   userId: undefined
2025-12-04 10:34:32: }
2025-12-04 10:34:32: âœ… Plan validated: Starter Plan - 99000 IDR
2025-12-04 10:34:32: ðŸ”‘ Generated Order ID: OASIS-STARTER-1764844472162-2HYSFS
2025-12-04 10:34:32: ðŸ“¤ Calling Duitku API...
2025-12-04 10:34:33: âœ… Payment URL generated: https://sandbox.duitku.com/payment/inquiryV2.aspx?ref=DS2633525PR62TLJ0GNCFQDK
2025-12-04 10:34:33: âœ… Duitku Reference: DS2633525PR62TLJ0GNCFQDK
2025-12-04 10:34:33: â”â”â”â”â”â”â”â”â”â”â”â”â”â”â”â”â”â”â”â”â”â”â”â”â”â”â”â”â”â”â”â”â”â”â”â”â”â”â”â”
2025-12-04 10:34:33: âœ… CHECKOUT COMPLETED SUCCESSFULLY
2025-12-04 10:34:33: â”â”â”â”â”â”â”â”â”â”â”â”â”â”â”â”â”â”â”â”â”â”â”â”â”â”â”â”â”â”â”â”â”â”â”â”â”â”â”â”
2025-12-04 10:34:33:  POST /api/duitku/checkout 200 in 1149ms
2025-12-04 10:39:27: 
2025-12-04 10:39:27: > oasis-bi-pro-duitku@2.1.0 dev
2025-12-04 10:39:27: > next dev
2025-12-04 10:39:27: 
2025-12-04 10:39:31: 
2025-12-04 10:39:31: > oasis-bi-pro-duitku@2.1.0 dev
2025-12-04 10:39:31: > next dev
2025-12-04 10:39:31: 
2025-12-04 10:39:32:    â–² Next.js 15.5.6
2025-12-04 10:39:32:    - Local:        http://localhost:3000
2025-12-04 10:39:32:    - Network:      http://169.254.0.21:3000
2025-12-04 10:39:32:    - Environments: .env.local
2025-12-04 10:39:32: 
2025-12-04 10:39:32:  âœ“ Starting...
2025-12-04 10:39:35:  âœ“ Ready in 2.7s
